<?xml version="1.0" encoding="UTF-8"?>
<!-- Generated by org.testng.reporters.JUnitReportReporter -->
<testsuite hostname="Raushan" failures="0" tests="2" name="com.First_project.testscript.Login" time="51.702" errors="0" timestamp="2022-12-23T18:55:41 IST" skipped="0">
  <testcase classname="com.First_project.testscript.Login" name="login" time="31.989"/>
  <system-out/>
  <testcase classname="com.First_project.testscript.Login" name="login" time="19.713"/>
  <system-out/>
</testsuite> <!-- com.First_project.testscript.Login -->
