<?xml version="1.0" encoding="UTF-8"?>
<!-- Generated by org.testng.reporters.JUnitReportReporter -->
<testsuite hostname="Raushan" failures="0" tests="2" name="com.First_project.generic.Demo" time="0.052" errors="0" timestamp="2022-12-02T19:30:38 IST" skipped="0">
  <testcase classname="com.First_project.generic.Demo" name="demo1" time="0.003"/>
  <system-out>
    <![CDATA[maven project2]]>
  </system-out>
  <testcase classname="com.First_project.generic.Demo" name="demo" time="0.049"/>
  <system-out>
    <![CDATA[maven project]]>
  </system-out>
</testsuite> <!-- com.First_project.generic.Demo -->
